
> mine0@0.1.0 jarvis:persistent
> node --experimental-strip-types src/cli_persistent.ts Mine me some iron

Mine0 — JARVIS persistent executor
  host            : root@194.68.245.71:22072
  worker port     : 8765
  env-config      : kill/kill_zombie
  max-frames/goal : 20
  reset on start  : false
  planner         : cerebras / gemma-4-31b
  max decisions   : 3  (MINE0_MAX_DECISION_STEPS, floor=1)
  objective       : Mine me some iron
---
[jarvis-persistent] reset-on-start=false — probing worker for existing session…
[jarvis-persistent] Reusing session: 6c862289 (cumulativeStep: 67)

=== DecisionTrace ===
{
  "traceId": "trace_wwhad8tf",
  "objective": "Mine me some iron",
  "executor": "JARVIS-VLA persistent (root@194.68.245.71:22072, worker :8765)",
  "mode": "greedy",
  "startedAt": "2026-06-29T07:21:54.233Z",
  "completedObjective": false,
  "stopReason": "safety_step_limit_reached=3",
  "totalDecisions": 3,
  "steps": [
    {
      "stepNumber": 1,
      "taskContext": {
        "rootObjective": "Mine me some iron",
        "activeSubtask": {
          "id": "locate_trees",
          "description": "Scan the surface for trees to gather wood.",
          "planningFocus": "visual_search",
          "compound": false,
          "parentId": "goal",
          "expectedAction": "scan",
          "targetItem": "oak_log",
          "targetCount": 1,
          "destination": "surface"
        },
        "pendingSubtasks": [
          {
            "id": "locate_trees",
            "description": "Scan the surface for trees to gather wood.",
            "planningFocus": "visual_search",
            "compound": false,
            "parentId": "goal",
            "expectedAction": "scan",
            "targetItem": "oak_log",
            "targetCount": 1,
            "destination": "surface"
          },
          {
            "id": "collect_logs",
            "description": "Collect enough logs for tools and a crafting table.",
            "planningFocus": "resource_gathering",
            "compound": false,
            "parentId": "goal",
            "expectedAction": "collect",
            "targetItem": "oak_log",
            "targetCount": 3
          },
          {
            "id": "craft_planks",
            "description": "Convert logs into planks.",
            "planningFocus": "inventory_management",
            "compound": false,
            "parentId": "goal",
            "expectedAction": "craft",
            "targetItem": "planks",
            "targetCount": 12
          },
          {
            "id": "place_crafting_table",
            "description": "Place a crafting table to enable tool crafting.",
            "planningFocus": "workstation_setup",
            "compound": false,
            "parentId": "goal",
            "expectedAction": "place",
            "targetItem": "crafting_table",
            "targetCount": 1
          },
          {
            "id": "craft_sticks",
            "description": "Craft sticks from planks.",
            "planningFocus": "inventory_management",
            "compound": false,
            "parentId": "goal",
            "expectedAction": "craft",
            "targetItem": "stick",
            "targetCount": 4
          },
          {
            "id": "craft_wooden_pickaxe",
            "description": "Craft a wooden pickaxe to mine stone.",
            "planningFocus": "tool_creation",
            "compound": false,
            "parentId": "goal",
            "expectedAction": "craft",
            "targetItem": "wooden_pickaxe",
            "targetCount": 1
          },
          {
            "id": "equip_wooden_pickaxe",
            "description": "Equip the wooden pickaxe.",
            "planningFocus": "equipment",
            "compound": false,
            "parentId": "goal",
            "expectedAction": "equip",
            "targetItem": "wooden_pickaxe",
            "targetCount": 1
          },
          {
            "id": "locate_stone",
            "description": "Find exposed stone or dig down to reach stone.",
            "planningFocus": "visual_search",
            "compound": false,
            "parentId": "goal",
            "expectedAction": "explore",
            "targetItem": "cobblestone",
            "targetCount": 1,
            "destination": "subterranean"
          },
          {
            "id": "collect_cobblestone",
            "description": "Mine cobblestone for a stone pickaxe.",
            "planningFocus": "resource_gathering",
            "compound": false,
            "parentId": "goal",
            "expectedAction": "collect",
            "targetItem": "cobblestone",
            "targetCount": 3
          },
          {
            "id": "craft_stone_pickaxe",
            "description": "Craft a stone pickaxe using the crafting table.",
            "planningFocus": "tool_creation",
            "compound": false,
            "parentId": "goal",
            "expectedAction": "craft",
            "targetItem": "stone_pickaxe",
            "targetCount": 1
          },
          {
            "id": "equip_stone_pickaxe",
            "description": "Equip the stone pickaxe.",
            "planningFocus": "equipment",
            "compound": false,
            "parentId": "goal",
            "expectedAction": "equip",
            "targetItem": "stone_pickaxe",
            "targetCount": 1
          },
          {
            "id": "locate_iron_ore",
            "description": "Explore subterranean caves or mine deep to find iron ore.",
            "planningFocus": "visual_search",
            "compound": false,
            "parentId": "goal",
            "expectedAction": "explore",
            "targetItem": "iron_ore",
            "targetCount": 1,
            "destination": "subterranean"
          },
          {
            "id": "collect_iron_ore",
            "description": "Mine the iron ore blocks.",
            "planningFocus": "resource_gathering",
            "compound": false,
            "parentId": "goal",
            "expectedAction": "collect",
            "targetItem": "iron_ore",
            "targetCount": 3
          }
        ],
        "completedSubtasks": [],
        "taskTree": {
          "id": "goal",
          "description": "Mine me some iron",
          "planningFocus": "Mine me some iron",
          "status": "active",
          "children": [
            {
              "id": "locate_trees",
              "description": "Scan the surface for trees to gather wood.",
              "planningFocus": "visual_search",
              "status": "active",
              "expectedAction": "scan",
              "children": []
            },
            {
              "id": "collect_logs",
              "description": "Collect enough logs for tools and a crafting table.",
              "planningFocus": "resource_gathering",
              "status": "pending",
              "expectedAction": "collect",
              "children": []
            },
            {
              "id": "craft_planks",
              "description": "Convert logs into planks.",
              "planningFocus": "inventory_management",
              "status": "pending",
              "expectedAction": "craft",
              "children": []
            },
            {
              "id": "place_crafting_table",
              "description": "Place a crafting table to enable tool crafting.",
              "planningFocus": "workstation_setup",
              "status": "pending",
              "expectedAction": "place",
              "children": []
            },
            {
              "id": "craft_sticks",
              "description": "Craft sticks from planks.",
              "planningFocus": "inventory_management",
              "status": "pending",
              "expectedAction": "craft",
              "children": []
            },
            {
              "id": "craft_wooden_pickaxe",
              "description": "Craft a wooden pickaxe to mine stone.",
              "planningFocus": "tool_creation",
              "status": "pending",
              "expectedAction": "craft",
              "children": []
            },
            {
              "id": "equip_wooden_pickaxe",
              "description": "Equip the wooden pickaxe.",
              "planningFocus": "equipment",
              "status": "pending",
              "expectedAction": "equip",
              "children": []
            },
            {
              "id": "locate_stone",
              "description": "Find exposed stone or dig down to reach stone.",
              "planningFocus": "visual_search",
              "status": "pending",
              "expectedAction": "explore",
              "children": []
            },
            {
              "id": "collect_cobblestone",
              "description": "Mine cobblestone for a stone pickaxe.",
              "planningFocus": "resource_gathering",
              "status": "pending",
              "expectedAction": "collect",
              "children": []
            },
            {
              "id": "craft_stone_pickaxe",
              "description": "Craft a stone pickaxe using the crafting table.",
              "planningFocus": "tool_creation",
              "status": "pending",
              "expectedAction": "craft",
              "children": []
            },
            {
              "id": "equip_stone_pickaxe",
              "description": "Equip the stone pickaxe.",
              "planningFocus": "equipment",
              "status": "pending",
              "expectedAction": "equip",
              "children": []
            },
            {
              "id": "locate_iron_ore",
              "description": "Explore subterranean caves or mine deep to find iron ore.",
              "planningFocus": "visual_search",
              "status": "pending",
              "expectedAction": "explore",
              "children": []
            },
            {
              "id": "collect_iron_ore",
              "description": "Mine the iron ore blocks.",
              "planningFocus": "resource_gathering",
              "status": "pending",
              "expectedAction": "collect",
              "children": []
            }
          ]
        }
      },
      "worldState": {
        "timestamp": "2026-06-29T07:21:54.234Z",
        "userObjective": "Mine me some iron",
        "position": {
          "x": 0,
          "y": 64,
          "z": 0
        },
        "biomeOrRegionHint": "unknown",
        "health": 20,
        "hunger": 20,
        "inventory": [],
        "equippedItem": "air",
        "timeOfDay": "day",
        "sceneSummary": "Line of sight target: none. Nearby blocks: none identified. Nearby entities: none nearby.",
        "visibleHazards": [],
        "perceivedResources": [],
        "nearbyBlocks": [],
        "nearbyEntities": [],
        "lineOfSightTarget": null,
        "interactionHints": [],
        "goalProgress": 0.99
      },
      "perception": {
        "sceneSummary": "Line of sight target: none. Nearby blocks: none identified. Nearby entities: none nearby.",
        "visibleResources": [],
        "terrainAffordances": [
          "open_grass_path",
          "reachable_tree_line",
          "nearby_slope"
        ],
        "hazards": [
          "none_immediate"
        ],
        "reachableTargets": [
          "scan_for_resources"
        ],
        "confidenceNotes": [
          "Perception is derived from Mineflayer structured state only.",
          "Planner receives structured Mineflayer cues for nearby blocks, entities, line of sight, and interaction affordances."
        ]
      },
      "memorySummary": [
        "explore previously degraded with prediction_error=1.00 in move to a new search frontier for the active subtask. issue_tags=stagnant_search,partial_progress. suggested_fix=change search direction, search depth, or frontier instead of repeating the same scan or explore.",
        "explore previously degraded with prediction_error=1.00 in move to a new search frontier for the active subtask. issue_tags=stagnant_search,partial_progress. suggested_fix=change search direction, search depth, or frontier instead of repeating the same scan or explore.",
        "explore previously degraded with prediction_error=1.00 in move to a new search frontier for the active subtask. issue_tags=stagnant_search,partial_progress. suggested_fix=change search direction, search depth, or frontier instead of repeating the same scan or explore.",
        "explore previously degraded with prediction_error=1.00 in move to a new search frontier for the active subtask. issue_tags=stagnant_search,partial_progress. suggested_fix=change search direction, search depth, or frontier instead of repeating the same scan or explore.",
        "explore previously degraded with prediction_error=1.00 in move to a new search frontier for the active subtask. issue_tags=stagnant_search,partial_progress. suggested_fix=change search direction, search depth, or frontier instead of repeating the same scan or explore."
      ],
      "plannedFuture": {
        "branchId": "plan_aad9113j",
        "strategy": "move to a new search frontier for the active subtask",
        "candidateAction": {
          "name": "explore",
          "arguments": {
            "direction": "forward_left"
          },
          "reason": "The target is not visible here, so the bot should move to a new frontier that is less likely to repeat the current loop."
        },
        "preconditions": [
          "target is reachable",
          "step budget remains bounded"
        ],
        "predictedSteps": [
          {
            "action": "Explore forward_left toward a less-revisited frontier",
            "expectedResult": "Progress toward oak_log."
          },
          {
            "action": "verify outcome",
            "expectedResult": "Inventory and scene should reflect the expected change."
          }
        ],
        "successProbability": 0.76,
        "estimatedSeconds": 14,
        "risk": 0.09,
        "resourceCost": 0,
        "goalProgress": 0.12,
        "likelyNextObservation": "Positioning should improve for the next action."
      },
      "selectedIntent": {
        "objective": "Mine me some iron",
        "instruction": "Explore forward_left toward a less-revisited frontier",
        "candidateAction": {
          "name": "explore",
          "arguments": {
            "direction": "forward_left"
          },
          "reason": "The target is not visible here, so the bot should move to a new frontier that is less likely to repeat the current loop."
        },
        "successCondition": {
          "item": "oak_log",
          "count": 1
        },
        "maximumSteps": 180
      },
      "actionOutcome": {
        "executedAction": {
          "name": "explore",
          "arguments": {
            "direction": "forward_left"
          },
          "reason": "The target is not visible here, so the bot should move to a new frontier that is less likely to repeat the current loop."
        },
        "status": "partial_success",
        "durationSeconds": 9.1,
        "inventoryDelta": [],
        "healthDelta": 0,
        "hungerDelta": 0,
        "positionDelta": {
          "x": 0,
          "y": 0,
          "z": 0
        },
        "visualVerification": {
          "targetReached": false,
          "terrainChangedAsExpected": false,
          "hazardPresent": false
        },
        "failureReason": null,
        "executor": "jarvis-persistent"
      },
      "verification": {
        "predictionError": 1,
        "matchedExpectation": false,
        "notes": [
          "predicted_item_gain=1",
          "actual_item_gain=0",
          "status=partial_success"
        ],
        "issueTags": [
          "stagnant_search",
          "partial_progress"
        ],
        "suggestedFixes": [
          "change search direction, search depth, or frontier instead of repeating the same scan or explore.",
          "continue from the updated state, but account for the unmet remainder of the subtask."
        ]
      },
      "storedMemory": {
        "id": "memory_609r1cgh",
        "objective": "Mine me some iron",
        "actionType": "explore",
        "environmentTags": [
          "unknown",
          "day"
        ],
        "failureType": null,
        "hazardContext": [],
        "resourceContext": [],
        "issueTags": [
          "stagnant_search",
          "partial_progress"
        ],
        "suggestedFixes": [
          "change search direction, search depth, or frontier instead of repeating the same scan or explore.",
          "continue from the updated state, but account for the unmet remainder of the subtask."
        ],
        "predictionError": 1,
        "predictedFuture": {
          "branchId": "plan_aad9113j",
          "strategy": "move to a new search frontier for the active subtask",
          "candidateAction": {
            "name": "explore",
            "arguments": {
              "direction": "forward_left"
            },
            "reason": "The target is not visible here, so the bot should move to a new frontier that is less likely to repeat the current loop."
          },
          "preconditions": [
            "target is reachable",
            "step budget remains bounded"
          ],
          "predictedSteps": [
            {
              "action": "Explore forward_left toward a less-revisited frontier",
              "expectedResult": "Progress toward oak_log."
            },
            {
              "action": "verify outcome",
              "expectedResult": "Inventory and scene should reflect the expected change."
            }
          ],
          "successProbability": 0.76,
          "estimatedSeconds": 14,
          "risk": 0.09,
          "resourceCost": 0,
          "goalProgress": 0.12,
          "likelyNextObservation": "Positioning should improve for the next action."
        },
        "actualOutcome": {
          "executedAction": {
            "name": "explore",
            "arguments": {
              "direction": "forward_left"
            },
            "reason": "The target is not visible here, so the bot should move to a new frontier that is less likely to repeat the current loop."
          },
          "status": "partial_success",
          "durationSeconds": 9.1,
          "inventoryDelta": [],
          "healthDelta": 0,
          "hungerDelta": 0,
          "positionDelta": {
            "x": 0,
            "y": 0,
            "z": 0
          },
          "visualVerification": {
            "targetReached": false,
            "terrainChangedAsExpected": false,
            "hazardPresent": false
          },
          "failureReason": null,
          "executor": "jarvis-persistent"
        },
        "createdAt": "2026-06-29T07:22:06.437Z"
      },
      "planner": {
        "callLog": [
          {
            "label": "perception_local",
            "provider": "mock",
            "model": "structured-local",
            "status": "skipped",
            "latencyMs": 0,
            "usage": null,
            "timeInfo": null,
            "warning": "Model perception disabled to conserve tokens; using Mineflayer structured state."
          },
          {
            "label": "planner",
            "provider": "cerebras",
            "model": "gemma-4-31b",
            "status": "success",
            "latencyMs": 446,
            "usage": {
              "promptTokens": 1189,
              "completionTokens": 123,
              "totalTokens": 1312
            },
            "timeInfo": {
              "created": 1782717715.4340599,
              "queue_time": 0.003129381,
              "prompt_time": 0.018512028,
              "completion_time": 0.057127183,
              "total_time": 0.08146405220031738
            },
            "warning": null
          }
        ],
        "proposals": [
          {
            "plannerId": "planner_search_frontier",
            "strategy": "move to a new search frontier for the active subtask",
            "instruction": "Explore forward_left toward a less-revisited frontier",
            "candidateAction": {
              "name": "explore",
              "arguments": {
                "direction": "forward_left"
              },
              "reason": "The target is not visible here, so the bot should move to a new frontier that is less likely to repeat the current loop."
            }
          }
        ],
        "scoredBranches": [
          {
            "branchId": "plan_aad9113j",
            "strategy": "move to a new search frontier for the active subtask",
            "candidateAction": {
              "name": "explore",
              "arguments": {
                "direction": "forward_left"
              },
              "reason": "The target is not visible here, so the bot should move to a new frontier that is less likely to repeat the current loop."
            },
            "score": 0,
            "successProbability": 0.76,
            "estimatedSeconds": 14,
            "risk": 0.09,
            "goalProgress": 0.12,
            "notes": [
              "single_decision_mode=true",
              "selected_first_proposal=true"
            ]
          }
        ],
        "selectedBranchId": "plan_aad9113j"
      }
    },
    {
      "stepNumber": 2,
      "taskContext": {
        "rootObjective": "Mine me some iron",
        "activeSubtask": {
          "id": "locate_trees",
          "description": "Scan the surface for trees to gather wood.",
          "planningFocus": "visual_search",
          "compound": false,
          "parentId": "goal",
          "expectedAction": "scan",
          "targetItem": "oak_log",
          "targetCount": 1,
          "destination": "surface"
        },
        "pendingSubtasks": [
          {
            "id": "locate_trees",
            "description": "Scan the surface for trees to gather wood.",
            "planningFocus": "visual_search",
            "compound": false,
            "parentId": "goal",
            "expectedAction": "scan",
            "targetItem": "oak_log",
            "targetCount": 1,
            "destination": "surface"
          },
          {
            "id": "collect_logs",
            "description": "Collect enough logs for tools and a crafting table.",
            "planningFocus": "resource_gathering",
            "compound": false,
            "parentId": "goal",
            "expectedAction": "collect",
            "targetItem": "oak_log",
            "targetCount": 3
          },
          {
            "id": "craft_planks",
            "description": "Convert logs into planks.",
            "planningFocus": "inventory_management",
            "compound": false,
            "parentId": "goal",
            "expectedAction": "craft",
            "targetItem": "planks",
            "targetCount": 12
          },
          {
            "id": "place_crafting_table",
            "description": "Place a crafting table to enable tool crafting.",
            "planningFocus": "workstation_setup",
            "compound": false,
            "parentId": "goal",
            "expectedAction": "place",
            "targetItem": "crafting_table",
            "targetCount": 1
          },
          {
            "id": "craft_sticks",
            "description": "Craft sticks from planks.",
            "planningFocus": "inventory_management",
            "compound": false,
            "parentId": "goal",
            "expectedAction": "craft",
            "targetItem": "stick",
            "targetCount": 4
          },
          {
            "id": "craft_wooden_pickaxe",
            "description": "Craft a wooden pickaxe to mine stone.",
            "planningFocus": "tool_creation",
            "compound": false,
            "parentId": "goal",
            "expectedAction": "craft",
            "targetItem": "wooden_pickaxe",
            "targetCount": 1
          },
          {
            "id": "equip_wooden_pickaxe",
            "description": "Equip the wooden pickaxe.",
            "planningFocus": "equipment",
            "compound": false,
            "parentId": "goal",
            "expectedAction": "equip",
            "targetItem": "wooden_pickaxe",
            "targetCount": 1
          },
          {
            "id": "locate_stone",
            "description": "Find exposed stone or dig down to reach stone.",
            "planningFocus": "visual_search",
            "compound": false,
            "parentId": "goal",
            "expectedAction": "explore",
            "targetItem": "cobblestone",
            "targetCount": 1,
            "destination": "subterranean"
          },
          {
            "id": "collect_cobblestone",
            "description": "Mine cobblestone for a stone pickaxe.",
            "planningFocus": "resource_gathering",
            "compound": false,
            "parentId": "goal",
            "expectedAction": "collect",
            "targetItem": "cobblestone",
            "targetCount": 3
          },
          {
            "id": "craft_stone_pickaxe",
            "description": "Craft a stone pickaxe using the crafting table.",
            "planningFocus": "tool_creation",
            "compound": false,
            "parentId": "goal",
            "expectedAction": "craft",
            "targetItem": "stone_pickaxe",
            "targetCount": 1
          },
          {
            "id": "equip_stone_pickaxe",
            "description": "Equip the stone pickaxe.",
            "planningFocus": "equipment",
            "compound": false,
            "parentId": "goal",
            "expectedAction": "equip",
            "targetItem": "stone_pickaxe",
            "targetCount": 1
          },
          {
            "id": "locate_iron_ore",
            "description": "Explore subterranean caves or mine deep to find iron ore.",
            "planningFocus": "visual_search",
            "compound": false,
            "parentId": "goal",
            "expectedAction": "explore",
            "targetItem": "iron_ore",
            "targetCount": 1,
            "destination": "subterranean"
          },
          {
            "id": "collect_iron_ore",
            "description": "Mine the iron ore blocks.",
            "planningFocus": "resource_gathering",
            "compound": false,
            "parentId": "goal",
            "expectedAction": "collect",
            "targetItem": "iron_ore",
            "targetCount": 3
          }
        ],
        "completedSubtasks": [],
        "taskTree": {
          "id": "goal",
          "description": "Mine me some iron",
          "planningFocus": "Mine me some iron",
          "status": "active",
          "children": [
            {
              "id": "locate_trees",
              "description": "Scan the surface for trees to gather wood.",
              "planningFocus": "visual_search",
              "status": "active",
              "expectedAction": "scan",
              "children": []
            },
            {
              "id": "collect_logs",
              "description": "Collect enough logs for tools and a crafting table.",
              "planningFocus": "resource_gathering",
              "status": "pending",
              "expectedAction": "collect",
              "children": []
            },
            {
              "id": "craft_planks",
              "description": "Convert logs into planks.",
              "planningFocus": "inventory_management",
              "status": "pending",
              "expectedAction": "craft",
              "children": []
            },
            {
              "id": "place_crafting_table",
              "description": "Place a crafting table to enable tool crafting.",
              "planningFocus": "workstation_setup",
              "status": "pending",
              "expectedAction": "place",
              "children": []
            },
            {
              "id": "craft_sticks",
              "description": "Craft sticks from planks.",
              "planningFocus": "inventory_management",
              "status": "pending",
              "expectedAction": "craft",
              "children": []
            },
            {
              "id": "craft_wooden_pickaxe",
              "description": "Craft a wooden pickaxe to mine stone.",
              "planningFocus": "tool_creation",
              "status": "pending",
              "expectedAction": "craft",
              "children": []
            },
            {
              "id": "equip_wooden_pickaxe",
              "description": "Equip the wooden pickaxe.",
              "planningFocus": "equipment",
              "status": "pending",
              "expectedAction": "equip",
              "children": []
            },
            {
              "id": "locate_stone",
              "description": "Find exposed stone or dig down to reach stone.",
              "planningFocus": "visual_search",
              "status": "pending",
              "expectedAction": "explore",
              "children": []
            },
            {
              "id": "collect_cobblestone",
              "description": "Mine cobblestone for a stone pickaxe.",
              "planningFocus": "resource_gathering",
              "status": "pending",
              "expectedAction": "collect",
              "children": []
            },
            {
              "id": "craft_stone_pickaxe",
              "description": "Craft a stone pickaxe using the crafting table.",
              "planningFocus": "tool_creation",
              "status": "pending",
              "expectedAction": "craft",
              "children": []
            },
            {
              "id": "equip_stone_pickaxe",
              "description": "Equip the stone pickaxe.",
              "planningFocus": "equipment",
              "status": "pending",
              "expectedAction": "equip",
              "children": []
            },
            {
              "id": "locate_iron_ore",
              "description": "Explore subterranean caves or mine deep to find iron ore.",
              "planningFocus": "visual_search",
              "status": "pending",
              "expectedAction": "explore",
              "children": []
            },
            {
              "id": "collect_iron_ore",
              "description": "Mine the iron ore blocks.",
              "planningFocus": "resource_gathering",
              "status": "pending",
              "expectedAction": "collect",
              "children": []
            },
            {
              "id": "locate_oak_log",
              "description": "Locate sources of oak log",
              "planningFocus": "locate trees on the surface to obtain wood",
              "status": "pending",
              "expectedAction": "explore",
              "children": []
            }
          ]
        }
      },
      "worldState": {
        "timestamp": "2026-06-29T07:22:06.438Z",
        "userObjective": "Mine me some iron",
        "position": {
          "x": 0,
          "y": 64,
          "z": 0
        },
        "biomeOrRegionHint": "unknown",
        "health": 20,
        "hunger": 20,
        "inventory": [],
        "equippedItem": "air",
        "timeOfDay": "day",
        "sceneSummary": "Line of sight target: none. Nearby blocks: none identified. Nearby entities: none nearby.",
        "visibleHazards": [],
        "perceivedResources": [],
        "nearbyBlocks": [],
        "nearbyEntities": [],
        "lineOfSightTarget": null,
        "interactionHints": [],
        "goalProgress": 0.99
      },
      "perception": {
        "sceneSummary": "Line of sight target: none. Nearby blocks: none identified. Nearby entities: none nearby.",
        "visibleResources": [],
        "terrainAffordances": [
          "open_grass_path",
          "reachable_tree_line",
          "nearby_slope"
        ],
        "hazards": [
          "none_immediate"
        ],
        "reachableTargets": [
          "scan_for_resources"
        ],
        "confidenceNotes": [
          "Perception is derived from Mineflayer structured state only.",
          "Planner receives structured Mineflayer cues for nearby blocks, entities, line of sight, and interaction affordances."
        ]
      },
      "memorySummary": [
        "explore previously degraded with prediction_error=1.00 in move to a new search frontier for the active subtask. issue_tags=stagnant_search,partial_progress. suggested_fix=change search direction, search depth, or frontier instead of repeating the same scan or explore.",
        "explore previously degraded with prediction_error=1.00 in move to a new search frontier for the active subtask. issue_tags=stagnant_search,partial_progress. suggested_fix=change search direction, search depth, or frontier instead of repeating the same scan or explore.",
        "explore previously degraded with prediction_error=1.00 in move to a new search frontier for the active subtask. issue_tags=stagnant_search,partial_progress. suggested_fix=change search direction, search depth, or frontier instead of repeating the same scan or explore.",
        "explore previously degraded with prediction_error=1.00 in move to a new search frontier for the active subtask. issue_tags=stagnant_search,partial_progress. suggested_fix=change search direction, search depth, or frontier instead of repeating the same scan or explore.",
        "explore previously degraded with prediction_error=1.00 in move to a new search frontier for the active subtask. issue_tags=stagnant_search,partial_progress. suggested_fix=change search direction, search depth, or frontier instead of repeating the same scan or explore."
      ],
      "plannedFuture": {
        "branchId": "plan_ditkeiu7",
        "strategy": "move to a new search frontier for the active subtask",
        "candidateAction": {
          "name": "explore",
          "arguments": {
            "direction": "forward_right"
          },
          "reason": "The target is not visible here, so the bot should move to a new frontier that is less likely to repeat the current loop."
        },
        "preconditions": [
          "target is reachable",
          "step budget remains bounded"
        ],
        "predictedSteps": [
          {
            "action": "Explore forward_right toward a less-revisited frontier",
            "expectedResult": "Progress toward oak_log."
          },
          {
            "action": "verify outcome",
            "expectedResult": "Inventory and scene should reflect the expected change."
          }
        ],
        "successProbability": 0.76,
        "estimatedSeconds": 14,
        "risk": 0.09,
        "resourceCost": 0,
        "goalProgress": 0.12,
        "likelyNextObservation": "Positioning should improve for the next action."
      },
      "selectedIntent": {
        "objective": "Mine me some iron",
        "instruction": "Explore forward_right toward a less-revisited frontier",
        "candidateAction": {
          "name": "explore",
          "arguments": {
            "direction": "forward_right"
          },
          "reason": "The target is not visible here, so the bot should move to a new frontier that is less likely to repeat the current loop."
        },
        "successCondition": {
          "item": "oak_log",
          "count": 1
        },
        "maximumSteps": 180
      },
      "actionOutcome": {
        "executedAction": {
          "name": "explore",
          "arguments": {
            "direction": "forward_right"
          },
          "reason": "The target is not visible here, so the bot should move to a new frontier that is less likely to repeat the current loop."
        },
        "status": "partial_success",
        "durationSeconds": 9.1,
        "inventoryDelta": [],
        "healthDelta": 0,
        "hungerDelta": 0,
        "positionDelta": {
          "x": 0,
          "y": 0,
          "z": 0
        },
        "visualVerification": {
          "targetReached": false,
          "terrainChangedAsExpected": false,
          "hazardPresent": false
        },
        "failureReason": null,
        "executor": "jarvis-persistent"
      },
      "verification": {
        "predictionError": 1,
        "matchedExpectation": false,
        "notes": [
          "predicted_item_gain=1",
          "actual_item_gain=0",
          "status=partial_success"
        ],
        "issueTags": [
          "stagnant_search",
          "partial_progress"
        ],
        "suggestedFixes": [
          "change search direction, search depth, or frontier instead of repeating the same scan or explore.",
          "continue from the updated state, but account for the unmet remainder of the subtask."
        ]
      },
      "storedMemory": {
        "id": "memory_qd1j14ke",
        "objective": "Mine me some iron",
        "actionType": "explore",
        "environmentTags": [
          "unknown",
          "day"
        ],
        "failureType": null,
        "hazardContext": [],
        "resourceContext": [],
        "issueTags": [
          "stagnant_search",
          "partial_progress"
        ],
        "suggestedFixes": [
          "change search direction, search depth, or frontier instead of repeating the same scan or explore.",
          "continue from the updated state, but account for the unmet remainder of the subtask."
        ],
        "predictionError": 1,
        "predictedFuture": {
          "branchId": "plan_ditkeiu7",
          "strategy": "move to a new search frontier for the active subtask",
          "candidateAction": {
            "name": "explore",
            "arguments": {
              "direction": "forward_right"
            },
            "reason": "The target is not visible here, so the bot should move to a new frontier that is less likely to repeat the current loop."
          },
          "preconditions": [
            "target is reachable",
            "step budget remains bounded"
          ],
          "predictedSteps": [
            {
              "action": "Explore forward_right toward a less-revisited frontier",
              "expectedResult": "Progress toward oak_log."
            },
            {
              "action": "verify outcome",
              "expectedResult": "Inventory and scene should reflect the expected change."
            }
          ],
          "successProbability": 0.76,
          "estimatedSeconds": 14,
          "risk": 0.09,
          "resourceCost": 0,
          "goalProgress": 0.12,
          "likelyNextObservation": "Positioning should improve for the next action."
        },
        "actualOutcome": {
          "executedAction": {
            "name": "explore",
            "arguments": {
              "direction": "forward_right"
            },
            "reason": "The target is not visible here, so the bot should move to a new frontier that is less likely to repeat the current loop."
          },
          "status": "partial_success",
          "durationSeconds": 9.1,
          "inventoryDelta": [],
          "healthDelta": 0,
          "hungerDelta": 0,
          "positionDelta": {
            "x": 0,
            "y": 0,
            "z": 0
          },
          "visualVerification": {
            "targetReached": false,
            "terrainChangedAsExpected": false,
            "hazardPresent": false
          },
          "failureReason": null,
          "executor": "jarvis-persistent"
        },
        "createdAt": "2026-06-29T07:22:17.511Z"
      },
      "planner": {
        "callLog": [
          {
            "label": "perception_local",
            "provider": "mock",
            "model": "structured-local",
            "status": "skipped",
            "latencyMs": 0,
            "usage": null,
            "timeInfo": null,
            "warning": "Model perception disabled to conserve tokens; using Mineflayer structured state."
          },
          {
            "label": "planner",
            "provider": "cerebras",
            "model": "gemma-4-31b",
            "status": "success",
            "latencyMs": 285,
            "usage": {
              "promptTokens": 1249,
              "completionTokens": 123,
              "totalTokens": 1372
            },
            "timeInfo": {
              "created": 1782717726.5887325,
              "queue_time": 0.002395491,
              "prompt_time": 0.00913917,
              "completion_time": 0.072398072,
              "total_time": 0.08557939529418945
            },
            "warning": null
          }
        ],
        "proposals": [
          {
            "plannerId": "planner_search_frontier",
            "strategy": "move to a new search frontier for the active subtask",
            "instruction": "Explore forward_right toward a less-revisited frontier",
            "candidateAction": {
              "name": "explore",
              "arguments": {
                "direction": "forward_right"
              },
              "reason": "The target is not visible here, so the bot should move to a new frontier that is less likely to repeat the current loop."
            }
          }
        ],
        "scoredBranches": [
          {
            "branchId": "plan_ditkeiu7",
            "strategy": "move to a new search frontier for the active subtask",
            "candidateAction": {
              "name": "explore",
              "arguments": {
                "direction": "forward_right"
              },
              "reason": "The target is not visible here, so the bot should move to a new frontier that is less likely to repeat the current loop."
            },
            "score": 0,
            "successProbability": 0.76,
            "estimatedSeconds": 14,
            "risk": 0.09,
            "goalProgress": 0.12,
            "notes": [
              "single_decision_mode=true",
              "selected_first_proposal=true"
            ]
          }
        ],
        "selectedBranchId": "plan_ditkeiu7"
      }
    },
    {
      "stepNumber": 3,
      "taskContext": {
        "rootObjective": "Mine me some iron",
        "activeSubtask": {
          "id": "locate_trees",
          "description": "Scan the surface for trees to gather wood.",
          "planningFocus": "visual_search",
          "compound": false,
          "parentId": "goal",
          "expectedAction": "scan",
          "targetItem": "oak_log",
          "targetCount": 1,
          "destination": "surface"
        },
        "pendingSubtasks": [
          {
            "id": "locate_trees",
            "description": "Scan the surface for trees to gather wood.",
            "planningFocus": "visual_search",
            "compound": false,
            "parentId": "goal",
            "expectedAction": "scan",
            "targetItem": "oak_log",
            "targetCount": 1,
            "destination": "surface"
          },
          {
            "id": "collect_logs",
            "description": "Collect enough logs for tools and a crafting table.",
            "planningFocus": "resource_gathering",
            "compound": false,
            "parentId": "goal",
            "expectedAction": "collect",
            "targetItem": "oak_log",
            "targetCount": 3
          },
          {
            "id": "craft_planks",
            "description": "Convert logs into planks.",
            "planningFocus": "inventory_management",
            "compound": false,
            "parentId": "goal",
            "expectedAction": "craft",
            "targetItem": "planks",
            "targetCount": 12
          },
          {
            "id": "place_crafting_table",
            "description": "Place a crafting table to enable tool crafting.",
            "planningFocus": "workstation_setup",
            "compound": false,
            "parentId": "goal",
            "expectedAction": "place",
            "targetItem": "crafting_table",
            "targetCount": 1
          },
          {
            "id": "craft_sticks",
            "description": "Craft sticks from planks.",
            "planningFocus": "inventory_management",
            "compound": false,
            "parentId": "goal",
            "expectedAction": "craft",
            "targetItem": "stick",
            "targetCount": 4
          },
          {
            "id": "craft_wooden_pickaxe",
            "description": "Craft a wooden pickaxe to mine stone.",
            "planningFocus": "tool_creation",
            "compound": false,
            "parentId": "goal",
            "expectedAction": "craft",
            "targetItem": "wooden_pickaxe",
            "targetCount": 1
          },
          {
            "id": "equip_wooden_pickaxe",
            "description": "Equip the wooden pickaxe.",
            "planningFocus": "equipment",
            "compound": false,
            "parentId": "goal",
            "expectedAction": "equip",
            "targetItem": "wooden_pickaxe",
            "targetCount": 1
          },
          {
            "id": "locate_stone",
            "description": "Find exposed stone or dig down to reach stone.",
            "planningFocus": "visual_search",
            "compound": false,
            "parentId": "goal",
            "expectedAction": "explore",
            "targetItem": "cobblestone",
            "targetCount": 1,
            "destination": "subterranean"
          },
          {
            "id": "collect_cobblestone",
            "description": "Mine cobblestone for a stone pickaxe.",
            "planningFocus": "resource_gathering",
            "compound": false,
            "parentId": "goal",
            "expectedAction": "collect",
            "targetItem": "cobblestone",
            "targetCount": 3
          },
          {
            "id": "craft_stone_pickaxe",
            "description": "Craft a stone pickaxe using the crafting table.",
            "planningFocus": "tool_creation",
            "compound": false,
            "parentId": "goal",
            "expectedAction": "craft",
            "targetItem": "stone_pickaxe",
            "targetCount": 1
          },
          {
            "id": "equip_stone_pickaxe",
            "description": "Equip the stone pickaxe.",
            "planningFocus": "equipment",
            "compound": false,
            "parentId": "goal",
            "expectedAction": "equip",
            "targetItem": "stone_pickaxe",
            "targetCount": 1
          },
          {
            "id": "locate_iron_ore",
            "description": "Explore subterranean caves or mine deep to find iron ore.",
            "planningFocus": "visual_search",
            "compound": false,
            "parentId": "goal",
            "expectedAction": "explore",
            "targetItem": "iron_ore",
            "targetCount": 1,
            "destination": "subterranean"
          },
          {
            "id": "collect_iron_ore",
            "description": "Mine the iron ore blocks.",
            "planningFocus": "resource_gathering",
            "compound": false,
            "parentId": "goal",
            "expectedAction": "collect",
            "targetItem": "iron_ore",
            "targetCount": 3
          }
        ],
        "completedSubtasks": [],
        "taskTree": {
          "id": "goal",
          "description": "Mine me some iron",
          "planningFocus": "Mine me some iron",
          "status": "active",
          "children": [
            {
              "id": "locate_trees",
              "description": "Scan the surface for trees to gather wood.",
              "planningFocus": "visual_search",
              "status": "active",
              "expectedAction": "scan",
              "children": []
            },
            {
              "id": "collect_logs",
              "description": "Collect enough logs for tools and a crafting table.",
              "planningFocus": "resource_gathering",
              "status": "pending",
              "expectedAction": "collect",
              "children": []
            },
            {
              "id": "craft_planks",
              "description": "Convert logs into planks.",
              "planningFocus": "inventory_management",
              "status": "pending",
              "expectedAction": "craft",
              "children": []
            },
            {
              "id": "place_crafting_table",
              "description": "Place a crafting table to enable tool crafting.",
              "planningFocus": "workstation_setup",
              "status": "pending",
              "expectedAction": "place",
              "children": []
            },
            {
              "id": "craft_sticks",
              "description": "Craft sticks from planks.",
              "planningFocus": "inventory_management",
              "status": "pending",
              "expectedAction": "craft",
              "children": []
            },
            {
              "id": "craft_wooden_pickaxe",
              "description": "Craft a wooden pickaxe to mine stone.",
              "planningFocus": "tool_creation",
              "status": "pending",
              "expectedAction": "craft",
              "children": []
            },
            {
              "id": "equip_wooden_pickaxe",
              "description": "Equip the wooden pickaxe.",
              "planningFocus": "equipment",
              "status": "pending",
              "expectedAction": "equip",
              "children": []
            },
            {
              "id": "locate_stone",
              "description": "Find exposed stone or dig down to reach stone.",
              "planningFocus": "visual_search",
              "status": "pending",
              "expectedAction": "explore",
              "children": []
            },
            {
              "id": "collect_cobblestone",
              "description": "Mine cobblestone for a stone pickaxe.",
              "planningFocus": "resource_gathering",
              "status": "pending",
              "expectedAction": "collect",
              "children": []
            },
            {
              "id": "craft_stone_pickaxe",
              "description": "Craft a stone pickaxe using the crafting table.",
              "planningFocus": "tool_creation",
              "status": "pending",
              "expectedAction": "craft",
              "children": []
            },
            {
              "id": "equip_stone_pickaxe",
              "description": "Equip the stone pickaxe.",
              "planningFocus": "equipment",
              "status": "pending",
              "expectedAction": "equip",
              "children": []
            },
            {
              "id": "locate_iron_ore",
              "description": "Explore subterranean caves or mine deep to find iron ore.",
              "planningFocus": "visual_search",
              "status": "pending",
              "expectedAction": "explore",
              "children": []
            },
            {
              "id": "collect_iron_ore",
              "description": "Mine the iron ore blocks.",
              "planningFocus": "resource_gathering",
              "status": "pending",
              "expectedAction": "collect",
              "children": []
            },
            {
              "id": "locate_oak_log",
              "description": "Locate sources of oak log",
              "planningFocus": "locate trees on the surface to obtain wood",
              "status": "pending",
              "expectedAction": "explore",
              "children": []
            }
          ]
        }
      },
      "worldState": {
        "timestamp": "2026-06-29T07:22:17.512Z",
        "userObjective": "Mine me some iron",
        "position": {
          "x": 0,
          "y": 64,
          "z": 0
        },
        "biomeOrRegionHint": "unknown",
        "health": 20,
        "hunger": 20,
        "inventory": [],
        "equippedItem": "air",
        "timeOfDay": "day",
        "sceneSummary": "Line of sight target: none. Nearby blocks: none identified. Nearby entities: none nearby.",
        "visibleHazards": [],
        "perceivedResources": [],
        "nearbyBlocks": [],
        "nearbyEntities": [],
        "lineOfSightTarget": null,
        "interactionHints": [],
        "goalProgress": 0.99
      },
      "perception": {
        "sceneSummary": "Line of sight target: none. Nearby blocks: none identified. Nearby entities: none nearby.",
        "visibleResources": [],
        "terrainAffordances": [
          "open_grass_path",
          "reachable_tree_line",
          "nearby_slope"
        ],
        "hazards": [
          "none_immediate"
        ],
        "reachableTargets": [
          "scan_for_resources"
        ],
        "confidenceNotes": [
          "Perception is derived from Mineflayer structured state only.",
          "Planner receives structured Mineflayer cues for nearby blocks, entities, line of sight, and interaction affordances."
        ]
      },
      "memorySummary": [
        "explore previously degraded with prediction_error=1.00 in move to a new search frontier for the active subtask. issue_tags=stagnant_search,partial_progress. suggested_fix=change search direction, search depth, or frontier instead of repeating the same scan or explore.",
        "explore previously degraded with prediction_error=1.00 in move to a new search frontier for the active subtask. issue_tags=stagnant_search,partial_progress. suggested_fix=change search direction, search depth, or frontier instead of repeating the same scan or explore.",
        "explore previously degraded with prediction_error=1.00 in move to a new search frontier for the active subtask. issue_tags=stagnant_search,partial_progress. suggested_fix=change search direction, search depth, or frontier instead of repeating the same scan or explore.",
        "explore previously degraded with prediction_error=1.00 in move to a new search frontier for the active subtask. issue_tags=stagnant_search,partial_progress. suggested_fix=change search direction, search depth, or frontier instead of repeating the same scan or explore.",
        "explore previously degraded with prediction_error=1.00 in move to a new search frontier for the active subtask. issue_tags=stagnant_search,partial_progress. suggested_fix=change search direction, search depth, or frontier instead of repeating the same scan or explore."
      ],
      "plannedFuture": {
        "branchId": "plan_xcl5z4yi",
        "strategy": "move to a new search frontier for the active subtask",
        "candidateAction": {
          "name": "explore",
          "arguments": {
            "direction": "left"
          },
          "reason": "The target is not visible here, so the bot should move to a new frontier that is less likely to repeat the current loop."
        },
        "preconditions": [
          "target is reachable",
          "step budget remains bounded"
        ],
        "predictedSteps": [
          {
            "action": "Explore left toward a less-revisited frontier",
            "expectedResult": "Progress toward oak_log."
          },
          {
            "action": "verify outcome",
            "expectedResult": "Inventory and scene should reflect the expected change."
          }
        ],
        "successProbability": 0.76,
        "estimatedSeconds": 14,
        "risk": 0.09,
        "resourceCost": 0,
        "goalProgress": 0.12,
        "likelyNextObservation": "Positioning should improve for the next action."
      },
      "selectedIntent": {
        "objective": "Mine me some iron",
        "instruction": "Explore left toward a less-revisited frontier",
        "candidateAction": {
          "name": "explore",
          "arguments": {
            "direction": "left"
          },
          "reason": "The target is not visible here, so the bot should move to a new frontier that is less likely to repeat the current loop."
        },
        "successCondition": {
          "item": "oak_log",
          "count": 1
        },
        "maximumSteps": 180
      },
      "actionOutcome": {
        "executedAction": {
          "name": "explore",
          "arguments": {
            "direction": "left"
          },
          "reason": "The target is not visible here, so the bot should move to a new frontier that is less likely to repeat the current loop."
        },
        "status": "partial_success",
        "durationSeconds": 8.8,
        "inventoryDelta": [],
        "healthDelta": 0,
        "hungerDelta": 0,
        "positionDelta": {
          "x": 0,
          "y": 0,
          "z": 0
        },
        "visualVerification": {
          "targetReached": false,
          "terrainChangedAsExpected": false,
          "hazardPresent": false
        },
        "failureReason": null,
        "executor": "jarvis-persistent"
      },
      "verification": {
        "predictionError": 1,
        "matchedExpectation": false,
        "notes": [
          "predicted_item_gain=1",
          "actual_item_gain=0",
          "status=partial_success"
        ],
        "issueTags": [
          "stagnant_search",
          "partial_progress"
        ],
        "suggestedFixes": [
          "change search direction, search depth, or frontier instead of repeating the same scan or explore.",
          "continue from the updated state, but account for the unmet remainder of the subtask."
        ]
      },
      "storedMemory": {
        "id": "memory_548hlb4h",
        "objective": "Mine me some iron",
        "actionType": "explore",
        "environmentTags": [
          "unknown",
          "day"
        ],
        "failureType": null,
        "hazardContext": [],
        "resourceContext": [],
        "issueTags": [
          "stagnant_search",
          "partial_progress"
        ],
        "suggestedFixes": [
          "change search direction, search depth, or frontier instead of repeating the same scan or explore.",
          "continue from the updated state, but account for the unmet remainder of the subtask."
        ],
        "predictionError": 1,
        "predictedFuture": {
          "branchId": "plan_xcl5z4yi",
          "strategy": "move to a new search frontier for the active subtask",
          "candidateAction": {
            "name": "explore",
            "arguments": {
              "direction": "left"
            },
            "reason": "The target is not visible here, so the bot should move to a new frontier that is less likely to repeat the current loop."
          },
          "preconditions": [
            "target is reachable",
            "step budget remains bounded"
          ],
          "predictedSteps": [
            {
              "action": "Explore left toward a less-revisited frontier",
              "expectedResult": "Progress toward oak_log."
            },
            {
              "action": "verify outcome",
              "expectedResult": "Inventory and scene should reflect the expected change."
            }
          ],
          "successProbability": 0.76,
          "estimatedSeconds": 14,
          "risk": 0.09,
          "resourceCost": 0,
          "goalProgress": 0.12,
          "likelyNextObservation": "Positioning should improve for the next action."
        },
        "actualOutcome": {
          "executedAction": {
            "name": "explore",
            "arguments": {
              "direction": "left"
            },
            "reason": "The target is not visible here, so the bot should move to a new frontier that is less likely to repeat the current loop."
          },
          "status": "partial_success",
          "durationSeconds": 8.8,
          "inventoryDelta": [],
          "healthDelta": 0,
          "hungerDelta": 0,
          "positionDelta": {
            "x": 0,
            "y": 0,
            "z": 0
          },
          "visualVerification": {
            "targetReached": false,
            "terrainChangedAsExpected": false,
            "hazardPresent": false
          },
          "failureReason": null,
          "executor": "jarvis-persistent"
        },
        "createdAt": "2026-06-29T07:22:28.557Z"
      },
      "planner": {
        "callLog": [
          {
            "label": "perception_local",
            "provider": "mock",
            "model": "structured-local",
            "status": "skipped",
            "latencyMs": 0,
            "usage": null,
            "timeInfo": null,
            "warning": "Model perception disabled to conserve tokens; using Mineflayer structured state."
          },
          {
            "label": "planner",
            "provider": "cerebras",
            "model": "gemma-4-31b",
            "status": "success",
            "latencyMs": 531,
            "usage": {
              "promptTokens": 1309,
              "completionTokens": 182,
              "totalTokens": 1491
            },
            "timeInfo": {
              "created": 1782717737.6663313,
              "queue_time": 0.002976721,
              "prompt_time": 0.020867374,
              "completion_time": 0.165016218,
              "total_time": 0.32311439514160156
            },
            "warning": null
          }
        ],
        "proposals": [
          {
            "plannerId": "planner_search_frontier",
            "strategy": "move to a new search frontier for the active subtask",
            "instruction": "Explore left toward a less-revisited frontier",
            "candidateAction": {
              "name": "explore",
              "arguments": {
                "direction": "left"
              },
              "reason": "The target is not visible here, so the bot should move to a new frontier that is less likely to repeat the current loop."
            }
          }
        ],
        "scoredBranches": [
          {
            "branchId": "plan_xcl5z4yi",
            "strategy": "move to a new search frontier for the active subtask",
            "candidateAction": {
              "name": "explore",
              "arguments": {
                "direction": "left"
              },
              "reason": "The target is not visible here, so the bot should move to a new frontier that is less likely to repeat the current loop."
            },
            "score": 0,
            "successProbability": 0.76,
            "estimatedSeconds": 14,
            "risk": 0.09,
            "goalProgress": 0.12,
            "notes": [
              "single_decision_mode=true",
              "selected_first_proposal=true"
            ]
          }
        ],
        "selectedBranchId": "plan_xcl5z4yi"
      }
    }
  ],
  "worldState": {
    "timestamp": "2026-06-29T07:22:17.512Z",
    "userObjective": "Mine me some iron",
    "position": {
      "x": 0,
      "y": 64,
      "z": 0
    },
    "biomeOrRegionHint": "unknown",
    "health": 20,
    "hunger": 20,
    "inventory": [],
    "equippedItem": "air",
    "timeOfDay": "day",
    "sceneSummary": "Line of sight target: none. Nearby blocks: none identified. Nearby entities: none nearby.",
    "visibleHazards": [],
    "perceivedResources": [],
    "nearbyBlocks": [],
    "nearbyEntities": [],
    "lineOfSightTarget": null,
    "interactionHints": [],
    "goalProgress": 0.99
  },
  "perception": {
    "sceneSummary": "Line of sight target: none. Nearby blocks: none identified. Nearby entities: none nearby.",
    "visibleResources": [],
    "terrainAffordances": [
      "open_grass_path",
      "reachable_tree_line",
      "nearby_slope"
    ],
    "hazards": [
      "none_immediate"
    ],
    "reachableTargets": [
      "scan_for_resources"
    ],
    "confidenceNotes": [
      "Perception is derived from Mineflayer structured state only.",
      "Planner receives structured Mineflayer cues for nearby blocks, entities, line of sight, and interaction affordances."
    ]
  },
  "memorySummary": [
    "explore previously degraded with prediction_error=1.00 in move to a new search frontier for the active subtask. issue_tags=stagnant_search,partial_progress. suggested_fix=change search direction, search depth, or frontier instead of repeating the same scan or explore.",
    "explore previously degraded with prediction_error=1.00 in move to a new search frontier for the active subtask. issue_tags=stagnant_search,partial_progress. suggested_fix=change search direction, search depth, or frontier instead of repeating the same scan or explore.",
    "explore previously degraded with prediction_error=1.00 in move to a new search frontier for the active subtask. issue_tags=stagnant_search,partial_progress. suggested_fix=change search direction, search depth, or frontier instead of repeating the same scan or explore.",
    "explore previously degraded with prediction_error=1.00 in move to a new search frontier for the active subtask. issue_tags=stagnant_search,partial_progress. suggested_fix=change search direction, search depth, or frontier instead of repeating the same scan or explore.",
    "explore previously degraded with prediction_error=1.00 in move to a new search frontier for the active subtask. issue_tags=stagnant_search,partial_progress. suggested_fix=change search direction, search depth, or frontier instead of repeating the same scan or explore."
  ],
  "plannedFuture": {
    "branchId": "plan_xcl5z4yi",
    "strategy": "move to a new search frontier for the active subtask",
    "candidateAction": {
      "name": "explore",
      "arguments": {
        "direction": "left"
      },
      "reason": "The target is not visible here, so the bot should move to a new frontier that is less likely to repeat the current loop."
    },
    "preconditions": [
      "target is reachable",
      "step budget remains bounded"
    ],
    "predictedSteps": [
      {
        "action": "Explore left toward a less-revisited frontier",
        "expectedResult": "Progress toward oak_log."
      },
      {
        "action": "verify outcome",
        "expectedResult": "Inventory and scene should reflect the expected change."
      }
    ],
    "successProbability": 0.76,
    "estimatedSeconds": 14,
    "risk": 0.09,
    "resourceCost": 0,
    "goalProgress": 0.12,
    "likelyNextObservation": "Positioning should improve for the next action."
  },
  "selectedIntent": {
    "objective": "Mine me some iron",
    "instruction": "Explore left toward a less-revisited frontier",
    "candidateAction": {
      "name": "explore",
      "arguments": {
        "direction": "left"
      },
      "reason": "The target is not visible here, so the bot should move to a new frontier that is less likely to repeat the current loop."
    },
    "successCondition": {
      "item": "oak_log",
      "count": 1
    },
    "maximumSteps": 180
  },
  "actionOutcome": {
    "executedAction": {
      "name": "explore",
      "arguments": {
        "direction": "left"
      },
      "reason": "The target is not visible here, so the bot should move to a new frontier that is less likely to repeat the current loop."
    },
    "status": "partial_success",
    "durationSeconds": 8.8,
    "inventoryDelta": [],
    "healthDelta": 0,
    "hungerDelta": 0,
    "positionDelta": {
      "x": 0,
      "y": 0,
      "z": 0
    },
    "visualVerification": {
      "targetReached": false,
      "terrainChangedAsExpected": false,
      "hazardPresent": false
    },
    "failureReason": null,
    "executor": "jarvis-persistent"
  },
  "verification": {
    "predictionError": 1,
    "matchedExpectation": false,
    "notes": [
      "predicted_item_gain=1",
      "actual_item_gain=0",
      "status=partial_success"
    ],
    "issueTags": [
      "stagnant_search",
      "partial_progress"
    ],
    "suggestedFixes": [
      "change search direction, search depth, or frontier instead of repeating the same scan or explore.",
      "continue from the updated state, but account for the unmet remainder of the subtask."
    ]
  },
  "storedMemory": {
    "id": "memory_548hlb4h",
    "objective": "Mine me some iron",
    "actionType": "explore",
    "environmentTags": [
      "unknown",
      "day"
    ],
    "failureType": null,
    "hazardContext": [],
    "resourceContext": [],
    "issueTags": [
      "stagnant_search",
      "partial_progress"
    ],
    "suggestedFixes": [
      "change search direction, search depth, or frontier instead of repeating the same scan or explore.",
      "continue from the updated state, but account for the unmet remainder of the subtask."
    ],
    "predictionError": 1,
    "predictedFuture": {
      "branchId": "plan_xcl5z4yi",
      "strategy": "move to a new search frontier for the active subtask",
      "candidateAction": {
        "name": "explore",
        "arguments": {
          "direction": "left"
        },
        "reason": "The target is not visible here, so the bot should move to a new frontier that is less likely to repeat the current loop."
      },
      "preconditions": [
        "target is reachable",
        "step budget remains bounded"
      ],
      "predictedSteps": [
        {
          "action": "Explore left toward a less-revisited frontier",
          "expectedResult": "Progress toward oak_log."
        },
        {
          "action": "verify outcome",
          "expectedResult": "Inventory and scene should reflect the expected change."
        }
      ],
      "successProbability": 0.76,
      "estimatedSeconds": 14,
      "risk": 0.09,
      "resourceCost": 0,
      "goalProgress": 0.12,
      "likelyNextObservation": "Positioning should improve for the next action."
    },
    "actualOutcome": {
      "executedAction": {
        "name": "explore",
        "arguments": {
          "direction": "left"
        },
        "reason": "The target is not visible here, so the bot should move to a new frontier that is less likely to repeat the current loop."
      },
      "status": "partial_success",
      "durationSeconds": 8.8,
      "inventoryDelta": [],
      "healthDelta": 0,
      "hungerDelta": 0,
      "positionDelta": {
        "x": 0,
        "y": 0,
        "z": 0
      },
      "visualVerification": {
        "targetReached": false,
        "terrainChangedAsExpected": false,
        "hazardPresent": false
      },
      "failureReason": null,
      "executor": "jarvis-persistent"
    },
    "createdAt": "2026-06-29T07:22:28.557Z"
  },
  "planner": {
    "providerMode": "cerebras",
    "configuredModel": "gemma-4-31b",
    "callLog": [
      {
        "label": "perception_local",
        "provider": "mock",
        "model": "structured-local",
        "status": "skipped",
        "latencyMs": 0,
        "usage": null,
        "timeInfo": null,
        "warning": "Model perception disabled to conserve tokens; using Mineflayer structured state."
      },
      {
        "label": "planner",
        "provider": "cerebras",
        "model": "gemma-4-31b",
        "status": "success",
        "latencyMs": 531,
        "usage": {
          "promptTokens": 1309,
          "completionTokens": 182,
          "totalTokens": 1491
        },
        "timeInfo": {
          "created": 1782717737.6663313,
          "queue_time": 0.002976721,
          "prompt_time": 0.020867374,
          "completion_time": 0.165016218,
          "total_time": 0.32311439514160156
        },
        "warning": null
      }
    ],
    "proposals": [
      {
        "plannerId": "planner_search_frontier",
        "strategy": "move to a new search frontier for the active subtask",
        "instruction": "Explore left toward a less-revisited frontier",
        "candidateAction": {
          "name": "explore",
          "arguments": {
            "direction": "left"
          },
          "reason": "The target is not visible here, so the bot should move to a new frontier that is less likely to repeat the current loop."
        }
      }
    ],
    "scoredBranches": [
      {
        "branchId": "plan_xcl5z4yi",
        "strategy": "move to a new search frontier for the active subtask",
        "candidateAction": {
          "name": "explore",
          "arguments": {
            "direction": "left"
          },
          "reason": "The target is not visible here, so the bot should move to a new frontier that is less likely to repeat the current loop."
        },
        "score": 0,
        "successProbability": 0.76,
        "estimatedSeconds": 14,
        "risk": 0.09,
        "goalProgress": 0.12,
        "notes": [
          "single_decision_mode=true",
          "selected_first_proposal=true"
        ]
      }
    ],
    "selectedBranchId": "plan_xcl5z4yi"
  }
}

=== JARVIS Persistent Artifacts (last step) ===
  sessionId              : 6c862289
  reusedSession          : true
  cumulativeStepBefore   : 107
  cumulativeStepAfter    : 127
  remoteExecutionSucceeded: true
  taskSucceeded          : null (no reward signal)
  actionCount            : 20
  durationSeconds        : 8.8
  latestScreenshotPath   : /workspace/JarvisVLA/mine0_persistent/latest_pov.png
  actions (first 5):
    {"buttons":1,"camera":219}
    {"buttons":1,"camera":219}
    {"buttons":1,"camera":219}
    {"buttons":1,"camera":219}
    {"buttons":1,"camera":219}
